28-Jan-2021 06:59:03.221 INFO [main] org.apache.catalina.core.ApplicationContext.log No Spring WebApplicationInitializer types detected on classpath
28-Jan-2021 06:59:03.269 INFO [main] org.apache.catalina.core.ApplicationContext.log Initializing Spring root WebApplicationContext
28-Jan-2021 07:10:51.185 SEVERE [Thread-4] org.apache.catalina.core.ApplicationFilterConfig.release Failed to destroy the filter named [StripesFilter] of type [net.sourceforge.stripes.controller.StripesFilter]
	java.lang.NoSuchMethodError: org.apache.commons.logging.LogFactory.release(Ljava/lang/ClassLoader;)V
		at net.sourceforge.stripes.util.Log.cleanup(Log.java:51)
		at net.sourceforge.stripes.controller.StripesFilter.destroy(StripesFilter.java:329)
		at org.apache.catalina.core.ApplicationFilterConfig.release(ApplicationFilterConfig.java:301)
		at org.apache.catalina.core.StandardContext.filterStop(StandardContext.java:4598)
		at org.apache.catalina.core.StandardContext.stopInternal(StandardContext.java:5425)
		at org.apache.catalina.util.LifecycleBase.stop(LifecycleBase.java:257)
		at org.apache.catalina.core.ContainerBase$StopChild.call(ContainerBase.java:1400)
		at org.apache.catalina.core.ContainerBase$StopChild.call(ContainerBase.java:1389)
		at java.util.concurrent.FutureTask.run(FutureTask.java:266)
		at org.apache.tomcat.util.threads.InlineExecutorService.execute(InlineExecutorService.java:75)
		at java.util.concurrent.AbstractExecutorService.submit(AbstractExecutorService.java:134)
		at org.apache.catalina.core.ContainerBase.stopInternal(ContainerBase.java:976)
		at org.apache.catalina.util.LifecycleBase.stop(LifecycleBase.java:257)
		at org.apache.catalina.core.ContainerBase$StopChild.call(ContainerBase.java:1400)
		at org.apache.catalina.core.ContainerBase$StopChild.call(ContainerBase.java:1389)
		at java.util.concurrent.FutureTask.run(FutureTask.java:266)
		at org.apache.tomcat.util.threads.InlineExecutorService.execute(InlineExecutorService.java:75)
		at java.util.concurrent.AbstractExecutorService.submit(AbstractExecutorService.java:134)
		at org.apache.catalina.core.ContainerBase.stopInternal(ContainerBase.java:976)
		at org.apache.catalina.util.LifecycleBase.stop(LifecycleBase.java:257)
		at org.apache.catalina.core.StandardService.stopInternal(StandardService.java:498)
		at org.apache.catalina.util.LifecycleBase.stop(LifecycleBase.java:257)
		at org.apache.catalina.core.StandardServer.stopInternal(StandardServer.java:992)
		at org.apache.catalina.util.LifecycleBase.stop(LifecycleBase.java:257)
		at org.apache.catalina.startup.Catalina.stop(Catalina.java:849)
		at org.apache.catalina.startup.Catalina$CatalinaShutdownHook.run(Catalina.java:996)
28-Jan-2021 07:10:51.186 INFO [Thread-4] org.apache.catalina.core.ApplicationContext.log Closing Spring root WebApplicationContext
28-Jan-2021 07:11:20.029 INFO [main] org.apache.catalina.core.ApplicationContext.log No Spring WebApplicationInitializer types detected on classpath
28-Jan-2021 07:11:20.101 INFO [main] org.apache.catalina.core.ApplicationContext.log Initializing Spring root WebApplicationContext
28-Jan-2021 07:11:32.978 SEVERE [Thread-4] org.apache.catalina.core.ApplicationFilterConfig.release Failed to destroy the filter named [StripesFilter] of type [net.sourceforge.stripes.controller.StripesFilter]
	java.lang.NoSuchMethodError: org.apache.commons.logging.LogFactory.release(Ljava/lang/ClassLoader;)V
		at net.sourceforge.stripes.util.Log.cleanup(Log.java:51)
		at net.sourceforge.stripes.controller.StripesFilter.destroy(StripesFilter.java:329)
		at org.apache.catalina.core.ApplicationFilterConfig.release(ApplicationFilterConfig.java:301)
		at org.apache.catalina.core.StandardContext.filterStop(StandardContext.java:4598)
		at org.apache.catalina.core.StandardContext.stopInternal(StandardContext.java:5425)
		at org.apache.catalina.util.LifecycleBase.stop(LifecycleBase.java:257)
		at org.apache.catalina.core.ContainerBase$StopChild.call(ContainerBase.java:1400)
		at org.apache.catalina.core.ContainerBase$StopChild.call(ContainerBase.java:1389)
		at java.util.concurrent.FutureTask.run(FutureTask.java:266)
		at org.apache.tomcat.util.threads.InlineExecutorService.execute(InlineExecutorService.java:75)
		at java.util.concurrent.AbstractExecutorService.submit(AbstractExecutorService.java:134)
		at org.apache.catalina.core.ContainerBase.stopInternal(ContainerBase.java:976)
		at org.apache.catalina.util.LifecycleBase.stop(LifecycleBase.java:257)
		at org.apache.catalina.core.ContainerBase$StopChild.call(ContainerBase.java:1400)
		at org.apache.catalina.core.ContainerBase$StopChild.call(ContainerBase.java:1389)
		at java.util.concurrent.FutureTask.run(FutureTask.java:266)
		at org.apache.tomcat.util.threads.InlineExecutorService.execute(InlineExecutorService.java:75)
		at java.util.concurrent.AbstractExecutorService.submit(AbstractExecutorService.java:134)
		at org.apache.catalina.core.ContainerBase.stopInternal(ContainerBase.java:976)
		at org.apache.catalina.util.LifecycleBase.stop(LifecycleBase.java:257)
		at org.apache.catalina.core.StandardService.stopInternal(StandardService.java:498)
		at org.apache.catalina.util.LifecycleBase.stop(LifecycleBase.java:257)
		at org.apache.catalina.core.StandardServer.stopInternal(StandardServer.java:992)
		at org.apache.catalina.util.LifecycleBase.stop(LifecycleBase.java:257)
		at org.apache.catalina.startup.Catalina.stop(Catalina.java:849)
		at org.apache.catalina.startup.Catalina$CatalinaShutdownHook.run(Catalina.java:996)
28-Jan-2021 07:11:32.979 INFO [Thread-4] org.apache.catalina.core.ApplicationContext.log Closing Spring root WebApplicationContext
28-Jan-2021 07:12:40.938 INFO [main] org.apache.catalina.core.ApplicationContext.log No Spring WebApplicationInitializer types detected on classpath
28-Jan-2021 07:12:41.012 INFO [main] org.apache.catalina.core.ApplicationContext.log Initializing Spring root WebApplicationContext
28-Jan-2021 07:25:13.316 SEVERE [Thread-4] org.apache.catalina.core.ApplicationFilterConfig.release Failed to destroy the filter named [StripesFilter] of type [net.sourceforge.stripes.controller.StripesFilter]
	java.lang.NoSuchMethodError: org.apache.commons.logging.LogFactory.release(Ljava/lang/ClassLoader;)V
		at net.sourceforge.stripes.util.Log.cleanup(Log.java:51)
		at net.sourceforge.stripes.controller.StripesFilter.destroy(StripesFilter.java:329)
		at org.apache.catalina.core.ApplicationFilterConfig.release(ApplicationFilterConfig.java:301)
		at org.apache.catalina.core.StandardContext.filterStop(StandardContext.java:4598)
		at org.apache.catalina.core.StandardContext.stopInternal(StandardContext.java:5425)
		at org.apache.catalina.util.LifecycleBase.stop(LifecycleBase.java:257)
		at org.apache.catalina.core.ContainerBase$StopChild.call(ContainerBase.java:1400)
		at org.apache.catalina.core.ContainerBase$StopChild.call(ContainerBase.java:1389)
		at java.util.concurrent.FutureTask.run(FutureTask.java:266)
		at org.apache.tomcat.util.threads.InlineExecutorService.execute(InlineExecutorService.java:75)
		at java.util.concurrent.AbstractExecutorService.submit(AbstractExecutorService.java:134)
		at org.apache.catalina.core.ContainerBase.stopInternal(ContainerBase.java:976)
		at org.apache.catalina.util.LifecycleBase.stop(LifecycleBase.java:257)
		at org.apache.catalina.core.ContainerBase$StopChild.call(ContainerBase.java:1400)
		at org.apache.catalina.core.ContainerBase$StopChild.call(ContainerBase.java:1389)
		at java.util.concurrent.FutureTask.run(FutureTask.java:266)
		at org.apache.tomcat.util.threads.InlineExecutorService.execute(InlineExecutorService.java:75)
		at java.util.concurrent.AbstractExecutorService.submit(AbstractExecutorService.java:134)
		at org.apache.catalina.core.ContainerBase.stopInternal(ContainerBase.java:976)
		at org.apache.catalina.util.LifecycleBase.stop(LifecycleBase.java:257)
		at org.apache.catalina.core.StandardService.stopInternal(StandardService.java:498)
		at org.apache.catalina.util.LifecycleBase.stop(LifecycleBase.java:257)
		at org.apache.catalina.core.StandardServer.stopInternal(StandardServer.java:992)
		at org.apache.catalina.util.LifecycleBase.stop(LifecycleBase.java:257)
		at org.apache.catalina.startup.Catalina.stop(Catalina.java:849)
		at org.apache.catalina.startup.Catalina$CatalinaShutdownHook.run(Catalina.java:996)
28-Jan-2021 07:25:13.317 INFO [Thread-4] org.apache.catalina.core.ApplicationContext.log Closing Spring root WebApplicationContext
28-Jan-2021 07:25:29.399 INFO [main] org.apache.catalina.core.ApplicationContext.log No Spring WebApplicationInitializer types detected on classpath
28-Jan-2021 07:25:29.451 INFO [main] org.apache.catalina.core.ApplicationContext.log Initializing Spring root WebApplicationContext
28-Jan-2021 07:25:52.774 SEVERE [Thread-4] org.apache.catalina.core.ApplicationFilterConfig.release Failed to destroy the filter named [StripesFilter] of type [net.sourceforge.stripes.controller.StripesFilter]
	java.lang.NoSuchMethodError: org.apache.commons.logging.LogFactory.release(Ljava/lang/ClassLoader;)V
		at net.sourceforge.stripes.util.Log.cleanup(Log.java:51)
		at net.sourceforge.stripes.controller.StripesFilter.destroy(StripesFilter.java:329)
		at org.apache.catalina.core.ApplicationFilterConfig.release(ApplicationFilterConfig.java:301)
		at org.apache.catalina.core.StandardContext.filterStop(StandardContext.java:4598)
		at org.apache.catalina.core.StandardContext.stopInternal(StandardContext.java:5425)
		at org.apache.catalina.util.LifecycleBase.stop(LifecycleBase.java:257)
		at org.apache.catalina.core.ContainerBase$StopChild.call(ContainerBase.java:1400)
		at org.apache.catalina.core.ContainerBase$StopChild.call(ContainerBase.java:1389)
		at java.util.concurrent.FutureTask.run(FutureTask.java:266)
		at org.apache.tomcat.util.threads.InlineExecutorService.execute(InlineExecutorService.java:75)
		at java.util.concurrent.AbstractExecutorService.submit(AbstractExecutorService.java:134)
		at org.apache.catalina.core.ContainerBase.stopInternal(ContainerBase.java:976)
		at org.apache.catalina.util.LifecycleBase.stop(LifecycleBase.java:257)
		at org.apache.catalina.core.ContainerBase$StopChild.call(ContainerBase.java:1400)
		at org.apache.catalina.core.ContainerBase$StopChild.call(ContainerBase.java:1389)
		at java.util.concurrent.FutureTask.run(FutureTask.java:266)
		at org.apache.tomcat.util.threads.InlineExecutorService.execute(InlineExecutorService.java:75)
		at java.util.concurrent.AbstractExecutorService.submit(AbstractExecutorService.java:134)
		at org.apache.catalina.core.ContainerBase.stopInternal(ContainerBase.java:976)
		at org.apache.catalina.util.LifecycleBase.stop(LifecycleBase.java:257)
		at org.apache.catalina.core.StandardService.stopInternal(StandardService.java:498)
		at org.apache.catalina.util.LifecycleBase.stop(LifecycleBase.java:257)
		at org.apache.catalina.core.StandardServer.stopInternal(StandardServer.java:992)
		at org.apache.catalina.util.LifecycleBase.stop(LifecycleBase.java:257)
		at org.apache.catalina.startup.Catalina.stop(Catalina.java:849)
		at org.apache.catalina.startup.Catalina$CatalinaShutdownHook.run(Catalina.java:996)
28-Jan-2021 07:25:52.780 INFO [Thread-4] org.apache.catalina.core.ApplicationContext.log Closing Spring root WebApplicationContext
28-Jan-2021 07:26:17.857 INFO [main] org.apache.catalina.core.ApplicationContext.log No Spring WebApplicationInitializer types detected on classpath
28-Jan-2021 07:26:17.918 INFO [main] org.apache.catalina.core.ApplicationContext.log Initializing Spring root WebApplicationContext
28-Jan-2021 07:47:54.740 SEVERE [Thread-4] org.apache.catalina.core.ApplicationFilterConfig.release Failed to destroy the filter named [StripesFilter] of type [net.sourceforge.stripes.controller.StripesFilter]
	java.lang.NoSuchMethodError: org.apache.commons.logging.LogFactory.release(Ljava/lang/ClassLoader;)V
		at net.sourceforge.stripes.util.Log.cleanup(Log.java:51)
		at net.sourceforge.stripes.controller.StripesFilter.destroy(StripesFilter.java:329)
		at org.apache.catalina.core.ApplicationFilterConfig.release(ApplicationFilterConfig.java:301)
		at org.apache.catalina.core.StandardContext.filterStop(StandardContext.java:4598)
		at org.apache.catalina.core.StandardContext.stopInternal(StandardContext.java:5425)
		at org.apache.catalina.util.LifecycleBase.stop(LifecycleBase.java:257)
		at org.apache.catalina.core.ContainerBase$StopChild.call(ContainerBase.java:1400)
		at org.apache.catalina.core.ContainerBase$StopChild.call(ContainerBase.java:1389)
		at java.util.concurrent.FutureTask.run(FutureTask.java:266)
		at org.apache.tomcat.util.threads.InlineExecutorService.execute(InlineExecutorService.java:75)
		at java.util.concurrent.AbstractExecutorService.submit(AbstractExecutorService.java:134)
		at org.apache.catalina.core.ContainerBase.stopInternal(ContainerBase.java:976)
		at org.apache.catalina.util.LifecycleBase.stop(LifecycleBase.java:257)
		at org.apache.catalina.core.ContainerBase$StopChild.call(ContainerBase.java:1400)
		at org.apache.catalina.core.ContainerBase$StopChild.call(ContainerBase.java:1389)
		at java.util.concurrent.FutureTask.run(FutureTask.java:266)
		at org.apache.tomcat.util.threads.InlineExecutorService.execute(InlineExecutorService.java:75)
		at java.util.concurrent.AbstractExecutorService.submit(AbstractExecutorService.java:134)
		at org.apache.catalina.core.ContainerBase.stopInternal(ContainerBase.java:976)
		at org.apache.catalina.util.LifecycleBase.stop(LifecycleBase.java:257)
		at org.apache.catalina.core.StandardService.stopInternal(StandardService.java:498)
		at org.apache.catalina.util.LifecycleBase.stop(LifecycleBase.java:257)
		at org.apache.catalina.core.StandardServer.stopInternal(StandardServer.java:992)
		at org.apache.catalina.util.LifecycleBase.stop(LifecycleBase.java:257)
		at org.apache.catalina.startup.Catalina.stop(Catalina.java:849)
		at org.apache.catalina.startup.Catalina$CatalinaShutdownHook.run(Catalina.java:996)
28-Jan-2021 07:47:54.785 INFO [Thread-4] org.apache.catalina.core.ApplicationContext.log Closing Spring root WebApplicationContext
28-Jan-2021 07:48:12.113 INFO [main] org.apache.catalina.core.ApplicationContext.log No Spring WebApplicationInitializer types detected on classpath
28-Jan-2021 07:48:12.144 INFO [main] org.apache.catalina.core.ApplicationContext.log Initializing Spring root WebApplicationContext
28-Jan-2021 08:05:31.378 SEVERE [Thread-4] org.apache.catalina.core.ApplicationFilterConfig.release Failed to destroy the filter named [StripesFilter] of type [net.sourceforge.stripes.controller.StripesFilter]
	java.lang.NoSuchMethodError: org.apache.commons.logging.LogFactory.release(Ljava/lang/ClassLoader;)V
		at net.sourceforge.stripes.util.Log.cleanup(Log.java:51)
		at net.sourceforge.stripes.controller.StripesFilter.destroy(StripesFilter.java:329)
		at org.apache.catalina.core.ApplicationFilterConfig.release(ApplicationFilterConfig.java:301)
		at org.apache.catalina.core.StandardContext.filterStop(StandardContext.java:4598)
		at org.apache.catalina.core.StandardContext.stopInternal(StandardContext.java:5425)
		at org.apache.catalina.util.LifecycleBase.stop(LifecycleBase.java:257)
		at org.apache.catalina.core.ContainerBase$StopChild.call(ContainerBase.java:1400)
		at org.apache.catalina.core.ContainerBase$StopChild.call(ContainerBase.java:1389)
		at java.util.concurrent.FutureTask.run(FutureTask.java:266)
		at org.apache.tomcat.util.threads.InlineExecutorService.execute(InlineExecutorService.java:75)
		at java.util.concurrent.AbstractExecutorService.submit(AbstractExecutorService.java:134)
		at org.apache.catalina.core.ContainerBase.stopInternal(ContainerBase.java:976)
		at org.apache.catalina.util.LifecycleBase.stop(LifecycleBase.java:257)
		at org.apache.catalina.core.ContainerBase$StopChild.call(ContainerBase.java:1400)
		at org.apache.catalina.core.ContainerBase$StopChild.call(ContainerBase.java:1389)
		at java.util.concurrent.FutureTask.run(FutureTask.java:266)
		at org.apache.tomcat.util.threads.InlineExecutorService.execute(InlineExecutorService.java:75)
		at java.util.concurrent.AbstractExecutorService.submit(AbstractExecutorService.java:134)
		at org.apache.catalina.core.ContainerBase.stopInternal(ContainerBase.java:976)
		at org.apache.catalina.util.LifecycleBase.stop(LifecycleBase.java:257)
		at org.apache.catalina.core.StandardService.stopInternal(StandardService.java:498)
		at org.apache.catalina.util.LifecycleBase.stop(LifecycleBase.java:257)
		at org.apache.catalina.core.StandardServer.stopInternal(StandardServer.java:992)
		at org.apache.catalina.util.LifecycleBase.stop(LifecycleBase.java:257)
		at org.apache.catalina.startup.Catalina.stop(Catalina.java:849)
		at org.apache.catalina.startup.Catalina$CatalinaShutdownHook.run(Catalina.java:996)
28-Jan-2021 08:05:31.393 INFO [Thread-4] org.apache.catalina.core.ApplicationContext.log Closing Spring root WebApplicationContext
28-Jan-2021 08:05:55.929 INFO [main] org.apache.catalina.core.ApplicationContext.log No Spring WebApplicationInitializer types detected on classpath
28-Jan-2021 08:05:55.985 INFO [main] org.apache.catalina.core.ApplicationContext.log Initializing Spring root WebApplicationContext
28-Jan-2021 08:08:24.402 SEVERE [Thread-4] org.apache.catalina.core.ApplicationFilterConfig.release Failed to destroy the filter named [StripesFilter] of type [net.sourceforge.stripes.controller.StripesFilter]
	java.lang.NoSuchMethodError: org.apache.commons.logging.LogFactory.release(Ljava/lang/ClassLoader;)V
		at net.sourceforge.stripes.util.Log.cleanup(Log.java:51)
		at net.sourceforge.stripes.controller.StripesFilter.destroy(StripesFilter.java:329)
		at org.apache.catalina.core.ApplicationFilterConfig.release(ApplicationFilterConfig.java:301)
		at org.apache.catalina.core.StandardContext.filterStop(StandardContext.java:4598)
		at org.apache.catalina.core.StandardContext.stopInternal(StandardContext.java:5425)
		at org.apache.catalina.util.LifecycleBase.stop(LifecycleBase.java:257)
		at org.apache.catalina.core.ContainerBase$StopChild.call(ContainerBase.java:1400)
		at org.apache.catalina.core.ContainerBase$StopChild.call(ContainerBase.java:1389)
		at java.util.concurrent.FutureTask.run(FutureTask.java:266)
		at org.apache.tomcat.util.threads.InlineExecutorService.execute(InlineExecutorService.java:75)
		at java.util.concurrent.AbstractExecutorService.submit(AbstractExecutorService.java:134)
		at org.apache.catalina.core.ContainerBase.stopInternal(ContainerBase.java:976)
		at org.apache.catalina.util.LifecycleBase.stop(LifecycleBase.java:257)
		at org.apache.catalina.core.ContainerBase$StopChild.call(ContainerBase.java:1400)
		at org.apache.catalina.core.ContainerBase$StopChild.call(ContainerBase.java:1389)
		at java.util.concurrent.FutureTask.run(FutureTask.java:266)
		at org.apache.tomcat.util.threads.InlineExecutorService.execute(InlineExecutorService.java:75)
		at java.util.concurrent.AbstractExecutorService.submit(AbstractExecutorService.java:134)
		at org.apache.catalina.core.ContainerBase.stopInternal(ContainerBase.java:976)
		at org.apache.catalina.util.LifecycleBase.stop(LifecycleBase.java:257)
		at org.apache.catalina.core.StandardService.stopInternal(StandardService.java:498)
		at org.apache.catalina.util.LifecycleBase.stop(LifecycleBase.java:257)
		at org.apache.catalina.core.StandardServer.stopInternal(StandardServer.java:992)
		at org.apache.catalina.util.LifecycleBase.stop(LifecycleBase.java:257)
		at org.apache.catalina.startup.Catalina.stop(Catalina.java:849)
		at org.apache.catalina.startup.Catalina$CatalinaShutdownHook.run(Catalina.java:996)
28-Jan-2021 08:08:24.404 INFO [Thread-4] org.apache.catalina.core.ApplicationContext.log Closing Spring root WebApplicationContext
28-Jan-2021 08:08:40.333 INFO [main] org.apache.catalina.core.ApplicationContext.log No Spring WebApplicationInitializer types detected on classpath
28-Jan-2021 08:08:40.368 INFO [main] org.apache.catalina.core.ApplicationContext.log Initializing Spring root WebApplicationContext
28-Jan-2021 08:56:36.739 SEVERE [Thread-4] org.apache.catalina.core.ApplicationFilterConfig.release Failed to destroy the filter named [StripesFilter] of type [net.sourceforge.stripes.controller.StripesFilter]
	java.lang.NoSuchMethodError: org.apache.commons.logging.LogFactory.release(Ljava/lang/ClassLoader;)V
		at net.sourceforge.stripes.util.Log.cleanup(Log.java:51)
		at net.sourceforge.stripes.controller.StripesFilter.destroy(StripesFilter.java:329)
		at org.apache.catalina.core.ApplicationFilterConfig.release(ApplicationFilterConfig.java:301)
		at org.apache.catalina.core.StandardContext.filterStop(StandardContext.java:4598)
		at org.apache.catalina.core.StandardContext.stopInternal(StandardContext.java:5425)
		at org.apache.catalina.util.LifecycleBase.stop(LifecycleBase.java:257)
		at org.apache.catalina.core.ContainerBase$StopChild.call(ContainerBase.java:1400)
		at org.apache.catalina.core.ContainerBase$StopChild.call(ContainerBase.java:1389)
		at java.util.concurrent.FutureTask.run(FutureTask.java:266)
		at org.apache.tomcat.util.threads.InlineExecutorService.execute(InlineExecutorService.java:75)
		at java.util.concurrent.AbstractExecutorService.submit(AbstractExecutorService.java:134)
		at org.apache.catalina.core.ContainerBase.stopInternal(ContainerBase.java:976)
		at org.apache.catalina.util.LifecycleBase.stop(LifecycleBase.java:257)
		at org.apache.catalina.core.ContainerBase$StopChild.call(ContainerBase.java:1400)
		at org.apache.catalina.core.ContainerBase$StopChild.call(ContainerBase.java:1389)
		at java.util.concurrent.FutureTask.run(FutureTask.java:266)
		at org.apache.tomcat.util.threads.InlineExecutorService.execute(InlineExecutorService.java:75)
		at java.util.concurrent.AbstractExecutorService.submit(AbstractExecutorService.java:134)
		at org.apache.catalina.core.ContainerBase.stopInternal(ContainerBase.java:976)
		at org.apache.catalina.util.LifecycleBase.stop(LifecycleBase.java:257)
		at org.apache.catalina.core.StandardService.stopInternal(StandardService.java:498)
		at org.apache.catalina.util.LifecycleBase.stop(LifecycleBase.java:257)
		at org.apache.catalina.core.StandardServer.stopInternal(StandardServer.java:992)
		at org.apache.catalina.util.LifecycleBase.stop(LifecycleBase.java:257)
		at org.apache.catalina.startup.Catalina.stop(Catalina.java:849)
		at org.apache.catalina.startup.Catalina$CatalinaShutdownHook.run(Catalina.java:996)
28-Jan-2021 08:56:36.814 INFO [Thread-4] org.apache.catalina.core.ApplicationContext.log Closing Spring root WebApplicationContext
28-Jan-2021 08:56:54.432 INFO [main] org.apache.catalina.core.ApplicationContext.log No Spring WebApplicationInitializer types detected on classpath
28-Jan-2021 08:56:54.494 INFO [main] org.apache.catalina.core.ApplicationContext.log Initializing Spring root WebApplicationContext
