28-Jan-2021 06:58:56.867 INFO [main] org.apache.catalina.core.ApplicationContext.log No Spring WebApplicationInitializer types detected on classpath
28-Jan-2021 06:58:56.892 INFO [main] org.apache.catalina.core.ApplicationContext.log Initializing Spring root WebApplicationContext
28-Jan-2021 07:10:51.104 SEVERE [Thread-4] org.apache.catalina.core.ApplicationFilterConfig.release Failed to destroy the filter named [StripesFilter] of type [net.sourceforge.stripes.controller.StripesFilter]
	java.lang.NoSuchMethodError: org.apache.commons.logging.LogFactory.release(Ljava/lang/ClassLoader;)V
		at net.sourceforge.stripes.util.Log.cleanup(Log.java:51)
		at net.sourceforge.stripes.controller.StripesFilter.destroy(StripesFilter.java:329)
		at org.apache.catalina.core.ApplicationFilterConfig.release(ApplicationFilterConfig.java:301)
		at org.apache.catalina.core.StandardContext.filterStop(StandardContext.java:4598)
		at org.apache.catalina.core.StandardContext.stopInternal(StandardContext.java:5425)
		at org.apache.catalina.util.LifecycleBase.stop(LifecycleBase.java:257)
		at org.apache.catalina.core.ContainerBase$StopChild.call(ContainerBase.java:1400)
		at org.apache.catalina.core.ContainerBase$StopChild.call(ContainerBase.java:1389)
		at java.util.concurrent.FutureTask.run(FutureTask.java:266)
		at org.apache.tomcat.util.threads.InlineExecutorService.execute(InlineExecutorService.java:75)
		at java.util.concurrent.AbstractExecutorService.submit(AbstractExecutorService.java:134)
		at org.apache.catalina.core.ContainerBase.stopInternal(ContainerBase.java:976)
		at org.apache.catalina.util.LifecycleBase.stop(LifecycleBase.java:257)
		at org.apache.catalina.core.ContainerBase$StopChild.call(ContainerBase.java:1400)
		at org.apache.catalina.core.ContainerBase$StopChild.call(ContainerBase.java:1389)
		at java.util.concurrent.FutureTask.run(FutureTask.java:266)
		at org.apache.tomcat.util.threads.InlineExecutorService.execute(InlineExecutorService.java:75)
		at java.util.concurrent.AbstractExecutorService.submit(AbstractExecutorService.java:134)
		at org.apache.catalina.core.ContainerBase.stopInternal(ContainerBase.java:976)
		at org.apache.catalina.util.LifecycleBase.stop(LifecycleBase.java:257)
		at org.apache.catalina.core.StandardService.stopInternal(StandardService.java:498)
		at org.apache.catalina.util.LifecycleBase.stop(LifecycleBase.java:257)
		at org.apache.catalina.core.StandardServer.stopInternal(StandardServer.java:992)
		at org.apache.catalina.util.LifecycleBase.stop(LifecycleBase.java:257)
		at org.apache.catalina.startup.Catalina.stop(Catalina.java:849)
		at org.apache.catalina.startup.Catalina$CatalinaShutdownHook.run(Catalina.java:996)
28-Jan-2021 07:10:51.139 INFO [Thread-4] org.apache.catalina.core.ApplicationContext.log Closing Spring root WebApplicationContext
28-Jan-2021 07:11:19.654 INFO [main] org.apache.catalina.core.ApplicationContext.log No Spring WebApplicationInitializer types detected on classpath
28-Jan-2021 07:11:19.720 INFO [main] org.apache.catalina.core.ApplicationContext.log Initializing Spring root WebApplicationContext
28-Jan-2021 07:11:33.016 SEVERE [Thread-4] org.apache.catalina.core.ApplicationFilterConfig.release Failed to destroy the filter named [StripesFilter] of type [net.sourceforge.stripes.controller.StripesFilter]
	java.lang.NoSuchMethodError: org.apache.commons.logging.LogFactory.release(Ljava/lang/ClassLoader;)V
		at net.sourceforge.stripes.util.Log.cleanup(Log.java:51)
		at net.sourceforge.stripes.controller.StripesFilter.destroy(StripesFilter.java:329)
		at org.apache.catalina.core.ApplicationFilterConfig.release(ApplicationFilterConfig.java:301)
		at org.apache.catalina.core.StandardContext.filterStop(StandardContext.java:4598)
		at org.apache.catalina.core.StandardContext.stopInternal(StandardContext.java:5425)
		at org.apache.catalina.util.LifecycleBase.stop(LifecycleBase.java:257)
		at org.apache.catalina.core.ContainerBase$StopChild.call(ContainerBase.java:1400)
		at org.apache.catalina.core.ContainerBase$StopChild.call(ContainerBase.java:1389)
		at java.util.concurrent.FutureTask.run(FutureTask.java:266)
		at org.apache.tomcat.util.threads.InlineExecutorService.execute(InlineExecutorService.java:75)
		at java.util.concurrent.AbstractExecutorService.submit(AbstractExecutorService.java:134)
		at org.apache.catalina.core.ContainerBase.stopInternal(ContainerBase.java:976)
		at org.apache.catalina.util.LifecycleBase.stop(LifecycleBase.java:257)
		at org.apache.catalina.core.ContainerBase$StopChild.call(ContainerBase.java:1400)
		at org.apache.catalina.core.ContainerBase$StopChild.call(ContainerBase.java:1389)
		at java.util.concurrent.FutureTask.run(FutureTask.java:266)
		at org.apache.tomcat.util.threads.InlineExecutorService.execute(InlineExecutorService.java:75)
		at java.util.concurrent.AbstractExecutorService.submit(AbstractExecutorService.java:134)
		at org.apache.catalina.core.ContainerBase.stopInternal(ContainerBase.java:976)
		at org.apache.catalina.util.LifecycleBase.stop(LifecycleBase.java:257)
		at org.apache.catalina.core.StandardService.stopInternal(StandardService.java:498)
		at org.apache.catalina.util.LifecycleBase.stop(LifecycleBase.java:257)
		at org.apache.catalina.core.StandardServer.stopInternal(StandardServer.java:992)
		at org.apache.catalina.util.LifecycleBase.stop(LifecycleBase.java:257)
		at org.apache.catalina.startup.Catalina.stop(Catalina.java:849)
		at org.apache.catalina.startup.Catalina$CatalinaShutdownHook.run(Catalina.java:996)
28-Jan-2021 07:11:33.017 INFO [Thread-4] org.apache.catalina.core.ApplicationContext.log Closing Spring root WebApplicationContext
28-Jan-2021 07:12:43.277 INFO [main] org.apache.catalina.core.ApplicationContext.log No Spring WebApplicationInitializer types detected on classpath
28-Jan-2021 07:12:43.376 INFO [main] org.apache.catalina.core.ApplicationContext.log Initializing Spring root WebApplicationContext
28-Jan-2021 07:25:13.346 SEVERE [Thread-4] org.apache.catalina.core.ApplicationFilterConfig.release Failed to destroy the filter named [StripesFilter] of type [net.sourceforge.stripes.controller.StripesFilter]
	java.lang.NoSuchMethodError: org.apache.commons.logging.LogFactory.release(Ljava/lang/ClassLoader;)V
		at net.sourceforge.stripes.util.Log.cleanup(Log.java:51)
		at net.sourceforge.stripes.controller.StripesFilter.destroy(StripesFilter.java:329)
		at org.apache.catalina.core.ApplicationFilterConfig.release(ApplicationFilterConfig.java:301)
		at org.apache.catalina.core.StandardContext.filterStop(StandardContext.java:4598)
		at org.apache.catalina.core.StandardContext.stopInternal(StandardContext.java:5425)
		at org.apache.catalina.util.LifecycleBase.stop(LifecycleBase.java:257)
		at org.apache.catalina.core.ContainerBase$StopChild.call(ContainerBase.java:1400)
		at org.apache.catalina.core.ContainerBase$StopChild.call(ContainerBase.java:1389)
		at java.util.concurrent.FutureTask.run(FutureTask.java:266)
		at org.apache.tomcat.util.threads.InlineExecutorService.execute(InlineExecutorService.java:75)
		at java.util.concurrent.AbstractExecutorService.submit(AbstractExecutorService.java:134)
		at org.apache.catalina.core.ContainerBase.stopInternal(ContainerBase.java:976)
		at org.apache.catalina.util.LifecycleBase.stop(LifecycleBase.java:257)
		at org.apache.catalina.core.ContainerBase$StopChild.call(ContainerBase.java:1400)
		at org.apache.catalina.core.ContainerBase$StopChild.call(ContainerBase.java:1389)
		at java.util.concurrent.FutureTask.run(FutureTask.java:266)
		at org.apache.tomcat.util.threads.InlineExecutorService.execute(InlineExecutorService.java:75)
		at java.util.concurrent.AbstractExecutorService.submit(AbstractExecutorService.java:134)
		at org.apache.catalina.core.ContainerBase.stopInternal(ContainerBase.java:976)
		at org.apache.catalina.util.LifecycleBase.stop(LifecycleBase.java:257)
		at org.apache.catalina.core.StandardService.stopInternal(StandardService.java:498)
		at org.apache.catalina.util.LifecycleBase.stop(LifecycleBase.java:257)
		at org.apache.catalina.core.StandardServer.stopInternal(StandardServer.java:992)
		at org.apache.catalina.util.LifecycleBase.stop(LifecycleBase.java:257)
		at org.apache.catalina.startup.Catalina.stop(Catalina.java:849)
		at org.apache.catalina.startup.Catalina$CatalinaShutdownHook.run(Catalina.java:996)
28-Jan-2021 07:25:13.346 INFO [Thread-4] org.apache.catalina.core.ApplicationContext.log Closing Spring root WebApplicationContext
28-Jan-2021 07:25:32.946 INFO [main] org.apache.catalina.core.ApplicationContext.log No Spring WebApplicationInitializer types detected on classpath
28-Jan-2021 07:25:33.064 INFO [main] org.apache.catalina.core.ApplicationContext.log Initializing Spring root WebApplicationContext
28-Jan-2021 07:25:52.705 SEVERE [Thread-4] org.apache.catalina.core.ApplicationFilterConfig.release Failed to destroy the filter named [StripesFilter] of type [net.sourceforge.stripes.controller.StripesFilter]
	java.lang.NoSuchMethodError: org.apache.commons.logging.LogFactory.release(Ljava/lang/ClassLoader;)V
		at net.sourceforge.stripes.util.Log.cleanup(Log.java:51)
		at net.sourceforge.stripes.controller.StripesFilter.destroy(StripesFilter.java:329)
		at org.apache.catalina.core.ApplicationFilterConfig.release(ApplicationFilterConfig.java:301)
		at org.apache.catalina.core.StandardContext.filterStop(StandardContext.java:4598)
		at org.apache.catalina.core.StandardContext.stopInternal(StandardContext.java:5425)
		at org.apache.catalina.util.LifecycleBase.stop(LifecycleBase.java:257)
		at org.apache.catalina.core.ContainerBase$StopChild.call(ContainerBase.java:1400)
		at org.apache.catalina.core.ContainerBase$StopChild.call(ContainerBase.java:1389)
		at java.util.concurrent.FutureTask.run(FutureTask.java:266)
		at org.apache.tomcat.util.threads.InlineExecutorService.execute(InlineExecutorService.java:75)
		at java.util.concurrent.AbstractExecutorService.submit(AbstractExecutorService.java:134)
		at org.apache.catalina.core.ContainerBase.stopInternal(ContainerBase.java:976)
		at org.apache.catalina.util.LifecycleBase.stop(LifecycleBase.java:257)
		at org.apache.catalina.core.ContainerBase$StopChild.call(ContainerBase.java:1400)
		at org.apache.catalina.core.ContainerBase$StopChild.call(ContainerBase.java:1389)
		at java.util.concurrent.FutureTask.run(FutureTask.java:266)
		at org.apache.tomcat.util.threads.InlineExecutorService.execute(InlineExecutorService.java:75)
		at java.util.concurrent.AbstractExecutorService.submit(AbstractExecutorService.java:134)
		at org.apache.catalina.core.ContainerBase.stopInternal(ContainerBase.java:976)
		at org.apache.catalina.util.LifecycleBase.stop(LifecycleBase.java:257)
		at org.apache.catalina.core.StandardService.stopInternal(StandardService.java:498)
		at org.apache.catalina.util.LifecycleBase.stop(LifecycleBase.java:257)
		at org.apache.catalina.core.StandardServer.stopInternal(StandardServer.java:992)
		at org.apache.catalina.util.LifecycleBase.stop(LifecycleBase.java:257)
		at org.apache.catalina.startup.Catalina.stop(Catalina.java:849)
		at org.apache.catalina.startup.Catalina$CatalinaShutdownHook.run(Catalina.java:996)
28-Jan-2021 07:25:52.740 INFO [Thread-4] org.apache.catalina.core.ApplicationContext.log Closing Spring root WebApplicationContext
28-Jan-2021 07:26:20.573 INFO [main] org.apache.catalina.core.ApplicationContext.log No Spring WebApplicationInitializer types detected on classpath
28-Jan-2021 07:26:20.633 INFO [main] org.apache.catalina.core.ApplicationContext.log Initializing Spring root WebApplicationContext
28-Jan-2021 07:47:54.840 SEVERE [Thread-4] org.apache.catalina.core.ApplicationFilterConfig.release Failed to destroy the filter named [StripesFilter] of type [net.sourceforge.stripes.controller.StripesFilter]
	java.lang.NoSuchMethodError: org.apache.commons.logging.LogFactory.release(Ljava/lang/ClassLoader;)V
		at net.sourceforge.stripes.util.Log.cleanup(Log.java:51)
		at net.sourceforge.stripes.controller.StripesFilter.destroy(StripesFilter.java:329)
		at org.apache.catalina.core.ApplicationFilterConfig.release(ApplicationFilterConfig.java:301)
		at org.apache.catalina.core.StandardContext.filterStop(StandardContext.java:4598)
		at org.apache.catalina.core.StandardContext.stopInternal(StandardContext.java:5425)
		at org.apache.catalina.util.LifecycleBase.stop(LifecycleBase.java:257)
		at org.apache.catalina.core.ContainerBase$StopChild.call(ContainerBase.java:1400)
		at org.apache.catalina.core.ContainerBase$StopChild.call(ContainerBase.java:1389)
		at java.util.concurrent.FutureTask.run(FutureTask.java:266)
		at org.apache.tomcat.util.threads.InlineExecutorService.execute(InlineExecutorService.java:75)
		at java.util.concurrent.AbstractExecutorService.submit(AbstractExecutorService.java:134)
		at org.apache.catalina.core.ContainerBase.stopInternal(ContainerBase.java:976)
		at org.apache.catalina.util.LifecycleBase.stop(LifecycleBase.java:257)
		at org.apache.catalina.core.ContainerBase$StopChild.call(ContainerBase.java:1400)
		at org.apache.catalina.core.ContainerBase$StopChild.call(ContainerBase.java:1389)
		at java.util.concurrent.FutureTask.run(FutureTask.java:266)
		at org.apache.tomcat.util.threads.InlineExecutorService.execute(InlineExecutorService.java:75)
		at java.util.concurrent.AbstractExecutorService.submit(AbstractExecutorService.java:134)
		at org.apache.catalina.core.ContainerBase.stopInternal(ContainerBase.java:976)
		at org.apache.catalina.util.LifecycleBase.stop(LifecycleBase.java:257)
		at org.apache.catalina.core.StandardService.stopInternal(StandardService.java:498)
		at org.apache.catalina.util.LifecycleBase.stop(LifecycleBase.java:257)
		at org.apache.catalina.core.StandardServer.stopInternal(StandardServer.java:992)
		at org.apache.catalina.util.LifecycleBase.stop(LifecycleBase.java:257)
		at org.apache.catalina.startup.Catalina.stop(Catalina.java:849)
		at org.apache.catalina.startup.Catalina$CatalinaShutdownHook.run(Catalina.java:996)
28-Jan-2021 07:47:54.874 INFO [Thread-4] org.apache.catalina.core.ApplicationContext.log Closing Spring root WebApplicationContext
28-Jan-2021 07:48:11.939 INFO [main] org.apache.catalina.core.ApplicationContext.log No Spring WebApplicationInitializer types detected on classpath
28-Jan-2021 07:48:12.021 INFO [main] org.apache.catalina.core.ApplicationContext.log Initializing Spring root WebApplicationContext
28-Jan-2021 08:05:31.396 SEVERE [Thread-4] org.apache.catalina.core.ApplicationFilterConfig.release Failed to destroy the filter named [StripesFilter] of type [net.sourceforge.stripes.controller.StripesFilter]
	java.lang.NoSuchMethodError: org.apache.commons.logging.LogFactory.release(Ljava/lang/ClassLoader;)V
		at net.sourceforge.stripes.util.Log.cleanup(Log.java:51)
		at net.sourceforge.stripes.controller.StripesFilter.destroy(StripesFilter.java:329)
		at org.apache.catalina.core.ApplicationFilterConfig.release(ApplicationFilterConfig.java:301)
		at org.apache.catalina.core.StandardContext.filterStop(StandardContext.java:4598)
		at org.apache.catalina.core.StandardContext.stopInternal(StandardContext.java:5425)
		at org.apache.catalina.util.LifecycleBase.stop(LifecycleBase.java:257)
		at org.apache.catalina.core.ContainerBase$StopChild.call(ContainerBase.java:1400)
		at org.apache.catalina.core.ContainerBase$StopChild.call(ContainerBase.java:1389)
		at java.util.concurrent.FutureTask.run(FutureTask.java:266)
		at org.apache.tomcat.util.threads.InlineExecutorService.execute(InlineExecutorService.java:75)
		at java.util.concurrent.AbstractExecutorService.submit(AbstractExecutorService.java:134)
		at org.apache.catalina.core.ContainerBase.stopInternal(ContainerBase.java:976)
		at org.apache.catalina.util.LifecycleBase.stop(LifecycleBase.java:257)
		at org.apache.catalina.core.ContainerBase$StopChild.call(ContainerBase.java:1400)
		at org.apache.catalina.core.ContainerBase$StopChild.call(ContainerBase.java:1389)
		at java.util.concurrent.FutureTask.run(FutureTask.java:266)
		at org.apache.tomcat.util.threads.InlineExecutorService.execute(InlineExecutorService.java:75)
		at java.util.concurrent.AbstractExecutorService.submit(AbstractExecutorService.java:134)
		at org.apache.catalina.core.ContainerBase.stopInternal(ContainerBase.java:976)
		at org.apache.catalina.util.LifecycleBase.stop(LifecycleBase.java:257)
		at org.apache.catalina.core.StandardService.stopInternal(StandardService.java:498)
		at org.apache.catalina.util.LifecycleBase.stop(LifecycleBase.java:257)
		at org.apache.catalina.core.StandardServer.stopInternal(StandardServer.java:992)
		at org.apache.catalina.util.LifecycleBase.stop(LifecycleBase.java:257)
		at org.apache.catalina.startup.Catalina.stop(Catalina.java:849)
		at org.apache.catalina.startup.Catalina$CatalinaShutdownHook.run(Catalina.java:996)
28-Jan-2021 08:05:31.415 INFO [Thread-4] org.apache.catalina.core.ApplicationContext.log Closing Spring root WebApplicationContext
28-Jan-2021 08:05:53.633 INFO [main] org.apache.catalina.core.ApplicationContext.log No Spring WebApplicationInitializer types detected on classpath
28-Jan-2021 08:05:53.676 INFO [main] org.apache.catalina.core.ApplicationContext.log Initializing Spring root WebApplicationContext
28-Jan-2021 08:08:24.441 SEVERE [Thread-4] org.apache.catalina.core.ApplicationFilterConfig.release Failed to destroy the filter named [StripesFilter] of type [net.sourceforge.stripes.controller.StripesFilter]
	java.lang.NoSuchMethodError: org.apache.commons.logging.LogFactory.release(Ljava/lang/ClassLoader;)V
		at net.sourceforge.stripes.util.Log.cleanup(Log.java:51)
		at net.sourceforge.stripes.controller.StripesFilter.destroy(StripesFilter.java:329)
		at org.apache.catalina.core.ApplicationFilterConfig.release(ApplicationFilterConfig.java:301)
		at org.apache.catalina.core.StandardContext.filterStop(StandardContext.java:4598)
		at org.apache.catalina.core.StandardContext.stopInternal(StandardContext.java:5425)
		at org.apache.catalina.util.LifecycleBase.stop(LifecycleBase.java:257)
		at org.apache.catalina.core.ContainerBase$StopChild.call(ContainerBase.java:1400)
		at org.apache.catalina.core.ContainerBase$StopChild.call(ContainerBase.java:1389)
		at java.util.concurrent.FutureTask.run(FutureTask.java:266)
		at org.apache.tomcat.util.threads.InlineExecutorService.execute(InlineExecutorService.java:75)
		at java.util.concurrent.AbstractExecutorService.submit(AbstractExecutorService.java:134)
		at org.apache.catalina.core.ContainerBase.stopInternal(ContainerBase.java:976)
		at org.apache.catalina.util.LifecycleBase.stop(LifecycleBase.java:257)
		at org.apache.catalina.core.ContainerBase$StopChild.call(ContainerBase.java:1400)
		at org.apache.catalina.core.ContainerBase$StopChild.call(ContainerBase.java:1389)
		at java.util.concurrent.FutureTask.run(FutureTask.java:266)
		at org.apache.tomcat.util.threads.InlineExecutorService.execute(InlineExecutorService.java:75)
		at java.util.concurrent.AbstractExecutorService.submit(AbstractExecutorService.java:134)
		at org.apache.catalina.core.ContainerBase.stopInternal(ContainerBase.java:976)
		at org.apache.catalina.util.LifecycleBase.stop(LifecycleBase.java:257)
		at org.apache.catalina.core.StandardService.stopInternal(StandardService.java:498)
		at org.apache.catalina.util.LifecycleBase.stop(LifecycleBase.java:257)
		at org.apache.catalina.core.StandardServer.stopInternal(StandardServer.java:992)
		at org.apache.catalina.util.LifecycleBase.stop(LifecycleBase.java:257)
		at org.apache.catalina.startup.Catalina.stop(Catalina.java:849)
		at org.apache.catalina.startup.Catalina$CatalinaShutdownHook.run(Catalina.java:996)
28-Jan-2021 08:08:24.442 INFO [Thread-4] org.apache.catalina.core.ApplicationContext.log Closing Spring root WebApplicationContext
28-Jan-2021 08:08:43.516 INFO [main] org.apache.catalina.core.ApplicationContext.log No Spring WebApplicationInitializer types detected on classpath
28-Jan-2021 08:08:43.550 INFO [main] org.apache.catalina.core.ApplicationContext.log Initializing Spring root WebApplicationContext
28-Jan-2021 08:56:36.708 SEVERE [Thread-4] org.apache.catalina.core.ApplicationFilterConfig.release Failed to destroy the filter named [StripesFilter] of type [net.sourceforge.stripes.controller.StripesFilter]
	java.lang.NoSuchMethodError: org.apache.commons.logging.LogFactory.release(Ljava/lang/ClassLoader;)V
		at net.sourceforge.stripes.util.Log.cleanup(Log.java:51)
		at net.sourceforge.stripes.controller.StripesFilter.destroy(StripesFilter.java:329)
		at org.apache.catalina.core.ApplicationFilterConfig.release(ApplicationFilterConfig.java:301)
		at org.apache.catalina.core.StandardContext.filterStop(StandardContext.java:4598)
		at org.apache.catalina.core.StandardContext.stopInternal(StandardContext.java:5425)
		at org.apache.catalina.util.LifecycleBase.stop(LifecycleBase.java:257)
		at org.apache.catalina.core.ContainerBase$StopChild.call(ContainerBase.java:1400)
		at org.apache.catalina.core.ContainerBase$StopChild.call(ContainerBase.java:1389)
		at java.util.concurrent.FutureTask.run(FutureTask.java:266)
		at org.apache.tomcat.util.threads.InlineExecutorService.execute(InlineExecutorService.java:75)
		at java.util.concurrent.AbstractExecutorService.submit(AbstractExecutorService.java:134)
		at org.apache.catalina.core.ContainerBase.stopInternal(ContainerBase.java:976)
		at org.apache.catalina.util.LifecycleBase.stop(LifecycleBase.java:257)
		at org.apache.catalina.core.ContainerBase$StopChild.call(ContainerBase.java:1400)
		at org.apache.catalina.core.ContainerBase$StopChild.call(ContainerBase.java:1389)
		at java.util.concurrent.FutureTask.run(FutureTask.java:266)
		at org.apache.tomcat.util.threads.InlineExecutorService.execute(InlineExecutorService.java:75)
		at java.util.concurrent.AbstractExecutorService.submit(AbstractExecutorService.java:134)
		at org.apache.catalina.core.ContainerBase.stopInternal(ContainerBase.java:976)
		at org.apache.catalina.util.LifecycleBase.stop(LifecycleBase.java:257)
		at org.apache.catalina.core.StandardService.stopInternal(StandardService.java:498)
		at org.apache.catalina.util.LifecycleBase.stop(LifecycleBase.java:257)
		at org.apache.catalina.core.StandardServer.stopInternal(StandardServer.java:992)
		at org.apache.catalina.util.LifecycleBase.stop(LifecycleBase.java:257)
		at org.apache.catalina.startup.Catalina.stop(Catalina.java:849)
		at org.apache.catalina.startup.Catalina$CatalinaShutdownHook.run(Catalina.java:996)
28-Jan-2021 08:56:36.733 INFO [Thread-4] org.apache.catalina.core.ApplicationContext.log Closing Spring root WebApplicationContext
28-Jan-2021 08:56:53.316 INFO [main] org.apache.catalina.core.ApplicationContext.log No Spring WebApplicationInitializer types detected on classpath
28-Jan-2021 08:56:53.355 INFO [main] org.apache.catalina.core.ApplicationContext.log Initializing Spring root WebApplicationContext
